Case #1: Anil Aravind Jan Jan Victor Viswanath
Case #2: Amol Andrei Andrii Aravind David John Nima Paul Rudradev Vladislav
Case #3: Ahmed Anshuman Jan Ranjeeth
Case #4: Aravind Mehdi Weiyan Xiao
Case #5: Anil Lin Phil Ranjeeth Song Torbjorn
Case #6: Fabien Kittipat Liang Paul
Case #7: Andriy Jan Lingjuan Wenjie Xiao Yingsheng
Case #8: Aleksandar Aravind Bhuwan Igor
Case #9: Anh Luiz Ranjeeth Roman Steaphan Weitao Weitao Zihing
Case #10: Atol Clifton Clifton Doan John John Purav Song
Case #11: Aleksandar Andras Anshuman Erling Manohar Xiao
Case #12: Anil Igor Purav Sanjeet
Case #13: Andrei Doan Ekansh Erling Fabien Zef
Case #14: Andras Anh Doan Lingjuan Meihong Saransh Torbjorn Vladislav Vladislav Yingsheng
Case #15: Doan Duc Gaurav John John Jordan Liang Rudradev Thomas Viswanath
Case #16: Anshuman Manohar Meihong Nima
Case #17: Chirag Viswanath
Case #18: Philip Tom Wesley Zhen
Case #19: Purav Slawek Wai Weiyan
Case #20: Bhuwan Duc Fabien Meihong Vlad Wai